# JRE version: OpenJDK Runtime Environment (25.0+36) (build 25+36-3489)
# Java VM: OpenJDK 64-Bit Server VM (25+36-3489, mixed mode, emulated-client, sharing, tiered, compressed oops, compressed class ptrs, g1 gc, linux-amd64)
Heap:
 garbage-first heap   total reserved 4014080K, committed 79872K, used 37568K [0x000000070b000000, 0x0000000800000000)
  region size 2048K, 6 young (12288K), 2 survivors (4096K)
GC Heap Usage History (18 events):
Event: 0.345 {heap Before GC invocations=0 (full 0):
 garbage-first heap   total reserved 4014080K, committed 253952K, used 50307K [0x000000070b000000, 0x0000000800000000)
  region size 2048K, 24 young (49152K), 0 survivors (0K)
}
Event: 0.348 {heap After GC invocations=1 (full 0):
 garbage-first heap   total reserved 4014080K, committed 253952K, used 10172K [0x000000070b000000, 0x0000000800000000)
  region size 2048K, 3 young (6144K), 3 survivors (6144K)
}
Event: 0.762 {heap Before GC invocations=1 (full 0):
 garbage-first heap   total reserved 4014080K, committed 253952K, used 75708K [0x000000070b000000, 0x0000000800000000)
  region size 2048K, 36 young (73728K), 3 survivors (6144K)
}
Event: 0.767 {heap After GC invocations=2 (full 0):
 garbage-first heap   total reserved 4014080K, committed 253952K, used 16316K [0x000000070b000000, 0x0000000800000000)
  region size 2048K, 6 young (12288K), 6 survivors (12288K)
}
Event: 1.032 {heap Before GC invocations=3 (full 0):
 garbage-first heap   total reserved 4014080K, committed 61440K, used 59324K [0x000000070b000000, 0x0000000800000000)
  region size 2048K, 27 young (55296K), 6 survivors (12288K)
}
Event: 1.038 {heap After GC invocations=4 (full 0):
 garbage-first heap   total reserved 4014080K, committed 79872K, used 20472K [0x000000070b000000, 0x0000000800000000)
  region size 2048K, 5 young (10240K), 5 survivors (10240K)
}
Event: 1.223 {heap Before GC invocations=4 (full 0):
 garbage-first heap   total reserved 4014080K, committed 79872K, used 47096K [0x000000070b000000, 0x0000000800000000)
  region size 2048K, 19 young (38912K), 5 survivors (10240K)
}
Event: 1.228 {heap After GC invocations=5 (full 0):
 garbage-first heap   total reserved 4014080K, committed 79872K, used 21368K [0x000000070b000000, 0x0000000800000000)
  region size 2048K, 3 young (6144K), 3 survivors (6144K)
}
Event: 1.235 {heap Before GC invocations=5 (full 0):
 garbage-first heap   total reserved 4014080K, committed 79872K, used 21368K [0x000000070b000000, 0x0000000800000000)
  region size 2048K, 4 young (8192K), 3 survivors (6144K)
}
Event: 1.238 {heap After GC invocations=6 (full 0):
 garbage-first heap   total reserved 4014080K, committed 79872K, used 21900K [0x000000070b000000, 0x0000000800000000)
  region size 2048K, 2 young (4096K), 2 survivors (4096K)
}
Event: 1.560 {heap Before GC invocations=7 (full 0):
 garbage-first heap   total reserved 4014080K, committed 79872K, used 58764K [0x000000070b000000, 0x0000000800000000)
  region size 2048K, 20 young (40960K), 2 survivors (4096K)
}
Event: 1.562 {heap After GC invocations=8 (full 0):
 garbage-first heap   total reserved 4014080K, committed 79872K, used 23924K [0x000000070b000000, 0x0000000800000000)
  region size 2048K, 3 young (6144K), 3 survivors (6144K)
}
Event: 1.808 {heap Before GC invocations=8 (full 0):
 garbage-first heap   total reserved 4014080K, committed 79872K, used 60788K [0x000000070b000000, 0x0000000800000000)
  region size 2048K, 21 young (43008K), 3 survivors (6144K)
}
Event: 1.811 {heap After GC invocations=9 (full 0):
 garbage-first heap   total reserved 4014080K, committed 79872K, used 25512K [0x000000070b000000, 0x0000000800000000)
  region size 2048K, 3 young (6144K), 3 survivors (6144K)
}
Event: 2.196 {heap Before GC invocations=9 (full 0):
 garbage-first heap   total reserved 4014080K, committed 79872K, used 62376K [0x000000070b000000, 0x0000000800000000)
  region size 2048K, 22 young (45056K), 3 survivors (6144K)
}
Event: 2.200 {heap After GC invocations=10 (full 0):
 garbage-first heap   total reserved 4014080K, committed 79872K, used 28776K [0x000000070b000000, 0x0000000800000000)
  region size 2048K, 3 young (6144K), 3 survivors (6144K)
}
Event: 2.380 {heap Before GC invocations=10 (full 0):
 garbage-first heap   total reserved 4014080K, committed 79872K, used 47208K [0x000000070b000000, 0x0000000800000000)
  region size 2048K, 13 young (26624K), 3 survivors (6144K)
}
Event: 2.384 {heap After GC invocations=11 (full 0):
 garbage-first heap   total reserved 4014080K, committed 79872K, used 31132K [0x000000070b000000, 0x0000000800000000)
  region size 2048K, 2 young (4096K), 2 survivors (4096K)
}

