# JRE version: OpenJDK Runtime Environment (25.0+36) (build 25+36-3489)
# Java VM: OpenJDK 64-Bit Server VM (25+36-3489, mixed mode, emulated-client, sharing, tiered, compressed oops, compressed class ptrs, g1 gc, linux-amd64)
Heap:
 garbage-first heap   total reserved 4014080K, committed 83968K, used 31998K [0x000000070b000000, 0x0000000800000000)
  region size 2048K, 4 young (8192K), 3 survivors (6144K)
GC Heap Usage History (20 events):
Event: 0.643 {heap Before GC invocations=3 (full 0):
 garbage-first heap   total reserved 4014080K, committed 55296K, used 52086K [0x000000070b000000, 0x0000000800000000)
  region size 2048K, 24 young (49152K), 5 survivors (10240K)
}
Event: 0.647 {heap After GC invocations=4 (full 0):
 garbage-first heap   total reserved 4014080K, committed 67584K, used 15980K [0x000000070b000000, 0x0000000800000000)
  region size 2048K, 6 young (12288K), 6 survivors (12288K)
}
Event: 0.759 {heap Before GC invocations=4 (full 0):
 garbage-first heap   total reserved 4014080K, committed 67584K, used 42604K [0x000000070b000000, 0x0000000800000000)
  region size 2048K, 19 young (38912K), 6 survivors (12288K)
}
Event: 0.767 {heap After GC invocations=5 (full 0):
 garbage-first heap   total reserved 4014080K, committed 67584K, used 18399K [0x000000070b000000, 0x0000000800000000)
  region size 2048K, 3 young (6144K), 3 survivors (6144K)
}
Event: 0.897 {heap Before GC invocations=5 (full 0):
 garbage-first heap   total reserved 4014080K, committed 67584K, used 38879K [0x000000070b000000, 0x0000000800000000)
  region size 2048K, 14 young (28672K), 3 survivors (6144K)
}
Event: 0.899 {heap After GC invocations=6 (full 0):
 garbage-first heap   total reserved 4014080K, committed 67584K, used 19532K [0x000000070b000000, 0x0000000800000000)
  region size 2048K, 2 young (4096K), 2 survivors (4096K)
}
Event: 1.115 {heap Before GC invocations=7 (full 0):
 garbage-first heap   total reserved 4014080K, committed 67584K, used 50252K [0x000000070b000000, 0x0000000800000000)
  region size 2048K, 17 young (34816K), 2 survivors (4096K)
}
Event: 1.117 {heap After GC invocations=8 (full 0):
 garbage-first heap   total reserved 4014080K, committed 67584K, used 21402K [0x000000070b000000, 0x0000000800000000)
  region size 2048K, 2 young (4096K), 2 survivors (4096K)
}
Event: 1.351 {heap Before GC invocations=8 (full 0):
 garbage-first heap   total reserved 4014080K, committed 67584K, used 52122K [0x000000070b000000, 0x0000000800000000)
  region size 2048K, 17 young (34816K), 2 survivors (4096K)
}
Event: 1.353 {heap After GC invocations=9 (full 0):
 garbage-first heap   total reserved 4014080K, committed 67584K, used 23816K [0x000000070b000000, 0x0000000800000000)
  region size 2048K, 3 young (6144K), 3 survivors (6144K)
}
Event: 1.396 {heap Before GC invocations=9 (full 0):
 garbage-first heap   total reserved 4014080K, committed 67584K, used 23816K [0x000000070b000000, 0x0000000800000000)
  region size 2048K, 5 young (10240K), 3 survivors (6144K)
}
Event: 1.399 {heap After GC invocations=10 (full 0):
 garbage-first heap   total reserved 4014080K, committed 67584K, used 24106K [0x000000070b000000, 0x0000000800000000)
  region size 2048K, 2 young (4096K), 2 survivors (4096K)
}
Event: 1.570 {heap Before GC invocations=11 (full 0):
 garbage-first heap   total reserved 4014080K, committed 67584K, used 54826K [0x000000070b000000, 0x0000000800000000)
  region size 2048K, 17 young (34816K), 2 survivors (4096K)
}
Event: 1.571 {heap After GC invocations=12 (full 0):
 garbage-first heap   total reserved 4014080K, committed 67584K, used 24983K [0x000000070b000000, 0x0000000800000000)
  region size 2048K, 2 young (4096K), 2 survivors (4096K)
}
Event: 1.869 {heap Before GC invocations=12 (full 0):
 garbage-first heap   total reserved 4014080K, committed 67584K, used 55703K [0x000000070b000000, 0x0000000800000000)
  region size 2048K, 18 young (36864K), 2 survivors (4096K)
}
Event: 1.872 {heap After GC invocations=13 (full 0):
 garbage-first heap   total reserved 4014080K, committed 67584K, used 26602K [0x000000070b000000, 0x0000000800000000)
  region size 2048K, 2 young (4096K), 2 survivors (4096K)
}
Event: 2.098 {heap Before GC invocations=13 (full 0):
 garbage-first heap   total reserved 4014080K, committed 67584K, used 57322K [0x000000070b000000, 0x0000000800000000)
  region size 2048K, 17 young (34816K), 2 survivors (4096K)
}
Event: 2.100 {heap After GC invocations=14 (full 0):
 garbage-first heap   total reserved 4014080K, committed 67584K, used 29822K [0x000000070b000000, 0x0000000800000000)
  region size 2048K, 3 young (6144K), 3 survivors (6144K)
}
Event: 30.739 {heap Before GC invocations=14 (full 0):
 garbage-first heap   total reserved 4014080K, committed 67584K, used 56446K [0x000000070b000000, 0x0000000800000000)
  region size 2048K, 17 young (34816K), 3 survivors (6144K)
}
Event: 30.743 {heap After GC invocations=15 (full 0):
 garbage-first heap   total reserved 4014080K, committed 83968K, used 31183K [0x000000070b000000, 0x0000000800000000)
  region size 2048K, 3 young (6144K), 3 survivors (6144K)
}

